Eatery/app/build/intermediates/manifest_merge_blame_file/debug/manifest-merger-blame-debug-report.txt
1<?xml version="1.0" encoding="utf-8"?>
2<manifest xmlns:android="http://schemas.android.com/apk/res/android"
3    package="com.example.eatery"
4    android:versionCode="1"
5    android:versionName="1.0" >
6
7    <uses-sdk
8        android:minSdkVersion="24"
8-->src\main\AndroidManifest.xml
9        android:targetSdkVersion="31" />
9-->src\main\AndroidManifest.xml
10
11    <uses-permission android:name="android.permission.INTERNET" />
11-->src\main\AndroidManifest.xml:5:5-67
11-->src\main\AndroidManifest.xml:5:22-64
12
13    <!-- Although the *SdkVersion is captured in gradle build files, this is required for non gradle builds -->
14    <!-- <uses-sdk android:minSdkVersion="14"/> -->
15    <uses-permission android:name="android.permission.ACCESS_NETWORK_STATE" />
15-->[com.google.firebase:firebase-database:20.0.6] AndroidManifest.xml:25:5-79
15-->[com.google.firebase:firebase-database:20.0.6] AndroidManifest.xml:25:22-76
16
17    <application
17-->src\main\AndroidManifest.xml:7:5-42:19
18        android:allowBackup="true"
18-->src\main\AndroidManifest.xml:8:9-35
19        android:appComponentFactory="androidx.core.app.CoreComponentFactory"
19-->[androidx.core:core:1.6.0] AndroidManifest.xml:24:18-86
20        android:debuggable="true"
21        android:extractNativeLibs="false"
22        android:icon="@mipmap/ic_launcher"
22-->src\main\AndroidManifest.xml:9:9-43
23        android:label="@string/app_name"
23-->src\main\AndroidManifest.xml:10:9-41
24        android:roundIcon="@mipmap/ic_launcher_round"
24-->src\main\AndroidManifest.xml:11:9-54
25        android:supportsRtl="true"
25-->src\main\AndroidManifest.xml:12:9-35
26        android:theme="@style/Theme.Eatery"
26-->src\main\AndroidManifest.xml:13:9-44
27        android:usesCleartextTraffic="true" >
27-->src\main\AndroidManifest.xml:14:9-44
28        <activity
28-->src\main\AndroidManifest.xml:15:9-23:20
29            android:name="com.example.eatery.SplashActivity"
29-->src\main\AndroidManifest.xml:16:13-43
30            android:exported="true" >
30-->src\main\AndroidManifest.xml:17:13-36
31            <intent-filter>
31-->src\main\AndroidManifest.xml:18:13-22:29
32                <action android:name="android.intent.action.MAIN" />
32-->src\main\AndroidManifest.xml:19:17-69
32-->src\main\AndroidManifest.xml:19:25-66
33
34                <category android:name="android.intent.category.LAUNCHER" />
34-->src\main\AndroidManifest.xml:21:17-77
34-->src\main\AndroidManifest.xml:21:27-74
35            </intent-filter>
36        </activity>
37        <activity
37-->src\main\AndroidManifest.xml:24:9-26:39
38            android:name="com.example.eatery.LoginActivity"
38-->src\main\AndroidManifest.xml:25:13-42
39            android:exported="true" />
39-->src\main\AndroidManifest.xml:26:13-36
40        <activity
40-->src\main\AndroidManifest.xml:27:9-29:39
41            android:name="com.example.eatery.RegisterActivity"
41-->src\main\AndroidManifest.xml:28:13-45
42            android:exported="true" />
42-->src\main\AndroidManifest.xml:29:13-36
43        <activity
43-->src\main\AndroidManifest.xml:30:9-32:39
44            android:name="com.example.eatery.MainActivity"
44-->src\main\AndroidManifest.xml:31:13-41
45            android:exported="true" />
45-->src\main\AndroidManifest.xml:32:13-36
46        <activity
46-->src\main\AndroidManifest.xml:33:9-35:39
47            android:name="com.example.eatery.RestaurantMenuActivity"
47-->src\main\AndroidManifest.xml:34:13-51
48            android:exported="true" />
48-->src\main\AndroidManifest.xml:35:13-36
49        <activity
49-->src\main\AndroidManifest.xml:36:9-38:39
50            android:name="com.example.eatery.PlaceYourOrderActivity"
50-->src\main\AndroidManifest.xml:37:13-51
51            android:exported="true" />
51-->src\main\AndroidManifest.xml:38:13-36
52        <activity
52-->src\main\AndroidManifest.xml:39:9-41:39
53            android:name="com.example.eatery.SuccessOrderActivity"
53-->src\main\AndroidManifest.xml:40:13-49
54            android:exported="true" />
54-->src\main\AndroidManifest.xml:41:13-36
55
56        <service
56-->[com.google.firebase:firebase-database:20.0.6] AndroidManifest.xml:29:9-35:19
57            android:name="com.google.firebase.components.ComponentDiscoveryService"
57-->[com.google.firebase:firebase-database:20.0.6] AndroidManifest.xml:30:13-84
58            android:directBootAware="true"
58-->[com.google.firebase:firebase-common:20.1.2] AndroidManifest.xml:35:13-43
59            android:exported="false" >
59-->[com.google.firebase:firebase-database:20.0.6] AndroidManifest.xml:31:13-37
60            <meta-data
60-->[com.google.firebase:firebase-database:20.0.6] AndroidManifest.xml:32:13-34:85
61                android:name="com.google.firebase.components:com.google.firebase.database.DatabaseRegistrar"
61-->[com.google.firebase:firebase-database:20.0.6] AndroidManifest.xml:33:17-109
62                android:value="com.google.firebase.components.ComponentRegistrar" />
62-->[com.google.firebase:firebase-database:20.0.6] AndroidManifest.xml:34:17-82
63            <meta-data
63-->[com.google.firebase:firebase-auth:21.0.8] AndroidManifest.xml:67:13-69:85
64                android:name="com.google.firebase.components:com.google.firebase.auth.FirebaseAuthRegistrar"
64-->[com.google.firebase:firebase-auth:21.0.8] AndroidManifest.xml:68:17-109
65                android:value="com.google.firebase.components.ComponentRegistrar" />
65-->[com.google.firebase:firebase-auth:21.0.8] AndroidManifest.xml:69:17-82
66            <meta-data
66-->[com.google.firebase:firebase-firestore:24.3.0] AndroidManifest.xml:20:13-22:85
67                android:name="com.google.firebase.components:com.google.firebase.firestore.FirestoreRegistrar"
67-->[com.google.firebase:firebase-firestore:24.3.0] AndroidManifest.xml:21:17-111
68                android:value="com.google.firebase.components.ComponentRegistrar" />
68-->[com.google.firebase:firebase-firestore:24.3.0] AndroidManifest.xml:22:17-82
69        </service>
70
71        <activity
71-->[com.google.firebase:firebase-auth:21.0.8] AndroidManifest.xml:27:9-44:20
72            android:name="com.google.firebase.auth.internal.GenericIdpActivity"
72-->[com.google.firebase:firebase-auth:21.0.8] AndroidManifest.xml:28:13-80
73            android:excludeFromRecents="true"
73-->[com.google.firebase:firebase-auth:21.0.8] AndroidManifest.xml:29:13-46
74            android:exported="true"
74-->[com.google.firebase:firebase-auth:21.0.8] AndroidManifest.xml:30:13-36
75            android:launchMode="singleTask"
75-->[com.google.firebase:firebase-auth:21.0.8] AndroidManifest.xml:31:13-44
76            android:theme="@android:style/Theme.Translucent.NoTitleBar" >
76-->[com.google.firebase:firebase-auth:21.0.8] AndroidManifest.xml:32:13-72
77            <intent-filter>
77-->[com.google.firebase:firebase-auth:21.0.8] AndroidManifest.xml:33:13-43:29
78                <action android:name="android.intent.action.VIEW" />
78-->[com.google.firebase:firebase-auth:21.0.8] AndroidManifest.xml:34:17-69
78-->[com.google.firebase:firebase-auth:21.0.8] AndroidManifest.xml:34:25-66
79
80                <category android:name="android.intent.category.DEFAULT" />
80-->[com.google.firebase:firebase-auth:21.0.8] AndroidManifest.xml:36:17-76
80-->[com.google.firebase:firebase-auth:21.0.8] AndroidManifest.xml:36:27-73
81                <category android:name="android.intent.category.BROWSABLE" />
81-->[com.google.firebase:firebase-auth:21.0.8] AndroidManifest.xml:37:17-78
81-->[com.google.firebase:firebase-auth:21.0.8] AndroidManifest.xml:37:27-75
82
83                <data
83-->[com.google.firebase:firebase-auth:21.0.8] AndroidManifest.xml:39:17-42:51
84                    android:host="firebase.auth"
84-->[com.google.firebase:firebase-auth:21.0.8] AndroidManifest.xml:40:21-49
85                    android:path="/"
85-->[com.google.firebase:firebase-auth:21.0.8] AndroidManifest.xml:41:21-37
86                    android:scheme="genericidp" />
86-->[com.google.firebase:firebase-auth:21.0.8] AndroidManifest.xml:42:21-48
87            </intent-filter>
88        </activity>
89        <activity
89-->[com.google.firebase:firebase-auth:21.0.8] AndroidManifest.xml:45:9-62:20
90            android:name="com.google.firebase.auth.internal.RecaptchaActivity"
90-->[com.google.firebase:firebase-auth:21.0.8] AndroidManifest.xml:46:13-79
91            android:excludeFromRecents="true"
91-->[com.google.firebase:firebase-auth:21.0.8] AndroidManifest.xml:47:13-46
92            android:exported="true"
92-->[com.google.firebase:firebase-auth:21.0.8] AndroidManifest.xml:48:13-36
93            android:launchMode="singleTask"
93-->[com.google.firebase:firebase-auth:21.0.8] AndroidManifest.xml:49:13-44
94            android:theme="@android:style/Theme.Translucent.NoTitleBar" >
94-->[com.google.firebase:firebase-auth:21.0.8] AndroidManifest.xml:50:13-72
95            <intent-filter>
95-->[com.google.firebase:firebase-auth:21.0.8] AndroidManifest.xml:51:13-61:29
96                <action android:name="android.intent.action.VIEW" />
96-->[com.google.firebase:firebase-auth:21.0.8] AndroidManifest.xml:34:17-69
96-->[com.google.firebase:firebase-auth:21.0.8] AndroidManifest.xml:34:25-66
97
98                <category android:name="android.intent.category.DEFAULT" />
98-->[com.google.firebase:firebase-auth:21.0.8] AndroidManifest.xml:36:17-76
98-->[com.google.firebase:firebase-auth:21.0.8] AndroidManifest.xml:36:27-73
99                <category android:name="android.intent.category.BROWSABLE" />
99-->[com.google.firebase:firebase-auth:21.0.8] AndroidManifest.xml:37:17-78
99-->[com.google.firebase:firebase-auth:21.0.8] AndroidManifest.xml:37:27-75
100
101                <data
101-->[com.google.firebase:firebase-auth:21.0.8] AndroidManifest.xml:39:17-42:51
102                    android:host="firebase.auth"
102-->[com.google.firebase:firebase-auth:21.0.8] AndroidManifest.xml:40:21-49
103                    android:path="/"
103-->[com.google.firebase:firebase-auth:21.0.8] AndroidManifest.xml:41:21-37
104                    android:scheme="recaptcha" />
104-->[com.google.firebase:firebase-auth:21.0.8] AndroidManifest.xml:42:21-48
105            </intent-filter>
106        </activity>
107        <activity
107-->[com.google.android.gms:play-services-base:18.0.1] AndroidManifest.xml:20:9-22:45
108            android:name="com.google.android.gms.common.api.GoogleApiActivity"
108-->[com.google.android.gms:play-services-base:18.0.1] AndroidManifest.xml:20:19-85
109            android:exported="false"
109-->[com.google.android.gms:play-services-base:18.0.1] AndroidManifest.xml:22:19-43
110            android:theme="@android:style/Theme.Translucent.NoTitleBar" />
110-->[com.google.android.gms:play-services-base:18.0.1] AndroidManifest.xml:21:19-78
111
112        <provider
112-->[com.google.firebase:firebase-common:20.1.2] AndroidManifest.xml:26:9-31:39
113            android:name="com.google.firebase.provider.FirebaseInitProvider"
113-->[com.google.firebase:firebase-common:20.1.2] AndroidManifest.xml:27:13-77
114            android:authorities="com.example.eatery.firebaseinitprovider"
114-->[com.google.firebase:firebase-common:20.1.2] AndroidManifest.xml:28:13-72
115            android:directBootAware="true"
115-->[com.google.firebase:firebase-common:20.1.2] AndroidManifest.xml:29:13-43
116            android:exported="false"
116-->[com.google.firebase:firebase-common:20.1.2] AndroidManifest.xml:30:13-37
117            android:initOrder="100" />
117-->[com.google.firebase:firebase-common:20.1.2] AndroidManifest.xml:31:13-36
118
119        <meta-data
119-->[com.google.android.gms:play-services-basement:18.1.0] AndroidManifest.xml:21:9-23:69
120            android:name="com.google.android.gms.version"
120-->[com.google.android.gms:play-services-basement:18.1.0] AndroidManifest.xml:22:13-58
121            android:value="@integer/google_play_services_version" />
121-->[com.google.android.gms:play-services-basement:18.1.0] AndroidManifest.xml:23:13-66
122    </application>
123
124</manifest>